warning: both `/Users/erickdelgado/.cargo/config` and `/Users/erickdelgado/.cargo/config.toml` exist. Using `/Users/erickdelgado/.cargo/config`
warning: both `/Users/erickdelgado/.cargo/config` and `/Users/erickdelgado/.cargo/config.toml` exist. Using `/Users/erickdelgado/.cargo/config`
   Compiling metashrew-support v8.4.0 (/Users/erickdelgado/Documents/GitHub/boiler/crates/metashrew-support)
   Compiling protorune-support v0.1.0 (/Users/erickdelgado/Documents/GitHub/boiler/crates/protorune-support)
   Compiling alkanes-support v0.1.0 (/Users/erickdelgado/Documents/GitHub/boiler/crates/alkanes-support)
   Compiling alkanes-runtime v0.1.0 (/Users/erickdelgado/Documents/GitHub/boiler/crates/alkanes-runtime)
warning: unused import: `wasm_bindgen::prelude::*`
 --> crates/alkanes-runtime/src/imports.rs:4:5
  |
4 | use wasm_bindgen::prelude::*;
  |     ^^^^^^^^^^^^^^^^^^^^^^^^
  |
  = note: `#[warn(unused_imports)]` on by default

warning: unused import: `compat::to_passback_ptr`
  --> crates/alkanes-runtime/src/imports.rs:57:29
   |
57 |         metashrew_support::{compat::to_passback_ptr, utils::ptr_to_vec},
   |                             ^^^^^^^^^^^^^^^^^^^^^^^

warning: unused variable: `a`
  --> crates/alkanes-runtime/src/imports.rs:64:18
   |
64 |     pub fn abort(a: i32, b: i32, c: i32, d: i32) -> i32 {
   |                  ^ help: if this is intentional, prefix it with an underscore: `_a`
   |
   = note: `#[warn(unused_variables)]` on by default

warning: unused variable: `b`
  --> crates/alkanes-runtime/src/imports.rs:64:26
   |
64 |     pub fn abort(a: i32, b: i32, c: i32, d: i32) -> i32 {
   |                          ^ help: if this is intentional, prefix it with an underscore: `_b`

warning: unused variable: `c`
  --> crates/alkanes-runtime/src/imports.rs:64:34
   |
64 |     pub fn abort(a: i32, b: i32, c: i32, d: i32) -> i32 {
   |                                  ^ help: if this is intentional, prefix it with an underscore: `_c`

warning: unused variable: `d`
  --> crates/alkanes-runtime/src/imports.rs:64:42
   |
64 |     pub fn abort(a: i32, b: i32, c: i32, d: i32) -> i32 {
   |                                          ^ help: if this is intentional, prefix it with an underscore: `_d`

warning: unused variable: `k`
  --> crates/alkanes-runtime/src/imports.rs:67:27
   |
67 |     pub fn __load_storage(k: i32, v: i32) -> i32 {
   |                           ^ help: if this is intentional, prefix it with an underscore: `_k`

warning: unused variable: `k`
  --> crates/alkanes-runtime/src/imports.rs:70:30
   |
70 |     pub fn __request_storage(k: i32) -> i32 {
   |                              ^ help: if this is intentional, prefix it with an underscore: `_k`

warning: unused variable: `who`
  --> crates/alkanes-runtime/src/imports.rs:76:22
   |
76 |     pub fn __balance(who: i32, what: i32, output: i32) -> i32 {
   |                      ^^^ help: if this is intentional, prefix it with an underscore: `_who`

warning: unused variable: `what`
  --> crates/alkanes-runtime/src/imports.rs:76:32
   |
76 |     pub fn __balance(who: i32, what: i32, output: i32) -> i32 {
   |                                ^^^^ help: if this is intentional, prefix it with an underscore: `_what`

warning: unused variable: `output`
  --> crates/alkanes-runtime/src/imports.rs:76:43
   |
76 |     pub fn __balance(who: i32, what: i32, output: i32) -> i32 {
   |                                           ^^^^^^ help: if this is intentional, prefix it with an underscore: `_output`

warning: unused variable: `output`
   --> crates/alkanes-runtime/src/imports.rs:101:23
    |
101 |     pub fn __sequence(output: i32) {}
    |                       ^^^^^^ help: if this is intentional, prefix it with an underscore: `_output`

warning: unused variable: `output`
   --> crates/alkanes-runtime/src/imports.rs:102:19
    |
102 |     pub fn __fuel(output: i32) {}
    |                   ^^^^^^ help: if this is intentional, prefix it with an underscore: `_output`

warning: unused variable: `output`
   --> crates/alkanes-runtime/src/imports.rs:103:21
    |
103 |     pub fn __height(output: i32) {}
    |                     ^^^^^^ help: if this is intentional, prefix it with an underscore: `_output`

warning: unused variable: `output`
   --> crates/alkanes-runtime/src/imports.rs:104:29
    |
104 |     pub fn __returndatacopy(output: i32) {}
    |                             ^^^^^^ help: if this is intentional, prefix it with an underscore: `_output`

warning: unused variable: `output`
   --> crates/alkanes-runtime/src/imports.rs:108:31
    |
108 |     pub fn __load_transaction(output: i32) {}
    |                               ^^^^^^ help: if this is intentional, prefix it with an underscore: `_output`

warning: unused variable: `output`
   --> crates/alkanes-runtime/src/imports.rs:112:25
    |
112 |     pub fn __load_block(output: i32) {}
    |                         ^^^^^^ help: if this is intentional, prefix it with an underscore: `_output`

warning: unused variable: `cellpack`
   --> crates/alkanes-runtime/src/imports.rs:113:19
    |
113 |     pub fn __call(cellpack: i32, incoming_alkanes: i32, checkpoint: i32, start_fuel: u64) -> i32 {
    |                   ^^^^^^^^ help: if this is intentional, prefix it with an underscore: `_cellpack`

warning: unused variable: `incoming_alkanes`
   --> crates/alkanes-runtime/src/imports.rs:113:34
    |
113 |     pub fn __call(cellpack: i32, incoming_alkanes: i32, checkpoint: i32, start_fuel: u64) -> i32 {
    |                                  ^^^^^^^^^^^^^^^^ help: if this is intentional, prefix it with an underscore: `_incoming_alkanes`

warning: unused variable: `checkpoint`
   --> crates/alkanes-runtime/src/imports.rs:113:57
    |
113 |     pub fn __call(cellpack: i32, incoming_alkanes: i32, checkpoint: i32, start_fuel: u64) -> i32 {
    |                                                         ^^^^^^^^^^ help: if this is intentional, prefix it with an underscore: `_checkpoint`

warning: unused variable: `start_fuel`
   --> crates/alkanes-runtime/src/imports.rs:113:74
    |
113 |     pub fn __call(cellpack: i32, incoming_alkanes: i32, checkpoint: i32, start_fuel: u64) -> i32 {
    |                                                                          ^^^^^^^^^^ help: if this is intentional, prefix it with an underscore: `_start_fuel`

warning: unused variable: `cellpack`
   --> crates/alkanes-runtime/src/imports.rs:117:9
    |
117 |         cellpack: i32,
    |         ^^^^^^^^ help: if this is intentional, prefix it with an underscore: `_cellpack`

warning: unused variable: `incoming_alkanes`
   --> crates/alkanes-runtime/src/imports.rs:118:9
    |
118 |         incoming_alkanes: i32,
    |         ^^^^^^^^^^^^^^^^ help: if this is intentional, prefix it with an underscore: `_incoming_alkanes`

warning: unused variable: `checkpoint`
   --> crates/alkanes-runtime/src/imports.rs:119:9
    |
119 |         checkpoint: i32,
    |         ^^^^^^^^^^ help: if this is intentional, prefix it with an underscore: `_checkpoint`

warning: unused variable: `start_fuel`
   --> crates/alkanes-runtime/src/imports.rs:120:9
    |
120 |         start_fuel: u64,
    |         ^^^^^^^^^^ help: if this is intentional, prefix it with an underscore: `_start_fuel`

warning: unused variable: `cellpack`
   --> crates/alkanes-runtime/src/imports.rs:125:9
    |
125 |         cellpack: i32,
    |         ^^^^^^^^ help: if this is intentional, prefix it with an underscore: `_cellpack`

warning: unused variable: `incoming_alkanes`
   --> crates/alkanes-runtime/src/imports.rs:126:9
    |
126 |         incoming_alkanes: i32,
    |         ^^^^^^^^^^^^^^^^ help: if this is intentional, prefix it with an underscore: `_incoming_alkanes`

warning: unused variable: `checkpoint`
   --> crates/alkanes-runtime/src/imports.rs:127:9
    |
127 |         checkpoint: i32,
    |         ^^^^^^^^^^ help: if this is intentional, prefix it with an underscore: `_checkpoint`

warning: unused variable: `start_fuel`
   --> crates/alkanes-runtime/src/imports.rs:128:9
    |
128 |         start_fuel: u64,
    |         ^^^^^^^^^^ help: if this is intentional, prefix it with an underscore: `_start_fuel`

warning: unnecessary `unsafe` block
  --> crates/alkanes-runtime/src/runtime.rs:34:5
   |
34 |     unsafe {
   |     ^^^^^^ unnecessary `unsafe` block
   |
   = note: `#[warn(unused_unsafe)]` on by default

warning: unnecessary `unsafe` block
   --> crates/alkanes-runtime/src/runtime.rs:106:13
    |
106 |             unsafe {
    |             ^^^^^^ unnecessary `unsafe` block

warning: unnecessary `unsafe` block
   --> crates/alkanes-runtime/src/runtime.rs:118:13
    |
118 |             unsafe {
    |             ^^^^^^ unnecessary `unsafe` block

warning: unnecessary `unsafe` block
   --> crates/alkanes-runtime/src/runtime.rs:131:9
    |
131 |         unsafe { __call(cellpack, outgoing_alkanes, checkpoint, fuel) }
    |         ^^^^^^ unnecessary `unsafe` block

warning: unnecessary `unsafe` block
   --> crates/alkanes-runtime/src/runtime.rs:139:9
    |
139 |         unsafe { __delegatecall(cellpack, outgoing_alkanes, checkpoint, fuel) }
    |         ^^^^^^ unnecessary `unsafe` block

warning: unnecessary `unsafe` block
   --> crates/alkanes-runtime/src/runtime.rs:147:9
    |
147 |         unsafe { __staticcall(cellpack, outgoing_alkanes, checkpoint, fuel) }
    |         ^^^^^^ unnecessary `unsafe` block

warning: unnecessary `unsafe` block
   --> crates/alkanes-runtime/src/runtime.rs:153:9
    |
153 |         unsafe {
    |         ^^^^^^ unnecessary `unsafe` block

warning: unnecessary `unsafe` block
   --> crates/alkanes-runtime/src/runtime.rs:161:9
    |
161 |         unsafe {
    |         ^^^^^^ unnecessary `unsafe` block

warning: unnecessary `unsafe` block
   --> crates/alkanes-runtime/src/runtime.rs:179:9
    |
179 |         unsafe {
    |         ^^^^^^ unnecessary `unsafe` block

warning: unnecessary `unsafe` block
   --> crates/alkanes-runtime/src/runtime.rs:233:9
    |
233 |         unsafe {
    |         ^^^^^^ unnecessary `unsafe` block

warning: unnecessary `unsafe` block
   --> crates/alkanes-runtime/src/runtime.rs:244:9
    |
244 |         unsafe {
    |         ^^^^^^ unnecessary `unsafe` block

warning: unnecessary `unsafe` block
   --> crates/alkanes-runtime/src/runtime.rs:251:9
    |
251 |         unsafe {
    |         ^^^^^^ unnecessary `unsafe` block

warning: unnecessary `unsafe` block
   --> crates/alkanes-runtime/src/runtime.rs:258:9
    |
258 |         unsafe {
    |         ^^^^^^ unnecessary `unsafe` block

warning: unnecessary `unsafe` block
  --> crates/alkanes-runtime/src/stdio.rs:10:9
   |
10 |         unsafe {
   |         ^^^^^^ unnecessary `unsafe` block

warning: `alkanes-runtime` (lib) generated 43 warnings (run `cargo fix --lib -p alkanes-runtime` to apply 2 suggestions)
   Compiling bonding-contract v0.1.0 (/Users/erickdelgado/Documents/GitHub/boiler/contracts/bonding-contract)
warning: unused import: `declare_alkane`
 --> contracts/bonding-contract/src/lib.rs:1:23
  |
1 | use alkanes_runtime::{declare_alkane, runtime::AlkaneResponder, message::MessageDispatch};
  |                       ^^^^^^^^^^^^^^
  |
  = note: `#[warn(unused_imports)]` on by default

warning: unused import: `metashrew_support::compat::to_arraybuffer_layout`
 --> contracts/bonding-contract/src/lib.rs:9:5
  |
9 | use metashrew_support::compat::to_arraybuffer_layout;
  |     ^^^^^^^^^^^^^^^^^^^^^^^^^^^^^^^^^^^^^^^^^^^^^^^^

warning: unused import: `alkanes_support::prelude::*`
  --> contracts/bonding-contract/src/bonding_curve.rs:14:5
   |
14 | use alkanes_support::prelude::*;
   |     ^^^^^^^^^^^^^^^^^^^^^^^^^^^

warning: unused import: `alkanes_support::prelude::*`
  --> contracts/bonding-contract/src/bond_curve.rs:11:5
   |
11 | use alkanes_support::prelude::*;
   |     ^^^^^^^^^^^^^^^^^^^^^^^^^^^

warning: unused imports: `BondContract` and `BondingContract`
  --> contracts/bonding-contract/src/isolated_tests.rs:5:36
   |
5  | use crate::{BondingContractAlkane, BondingContract, BondContract};
   |                                    ^^^^^^^^^^^^^^^  ^^^^^^^^^^^^
   |
help: if this is a test module, consider adding a `#[cfg(test)]` to the containing module
  --> contracts/bonding-contract/src/lib.rs:63:1
   |
63 | pub mod isolated_tests;
   | ^^^^^^^^^^^^^^^^^^^^^^^

warning: unused import: `crate::mock_runtime`
  --> contracts/bonding-contract/src/isolated_tests.rs:7:5
   |
7  | use crate::mock_runtime;
   |     ^^^^^^^^^^^^^^^^^^^
   |
help: if this is a test module, consider adding a `#[cfg(test)]` to the containing module
  --> contracts/bonding-contract/src/lib.rs:63:1
   |
63 | pub mod isolated_tests;
   | ^^^^^^^^^^^^^^^^^^^^^^^

warning: unused import: `crate::mock_context`
  --> contracts/bonding-contract/src/isolated_tests.rs:8:5
   |
8  | use crate::mock_context;
   |     ^^^^^^^^^^^^^^^^^^^
   |
help: if this is a test module, consider adding a `#[cfg(test)]` to the containing module
  --> contracts/bonding-contract/src/lib.rs:63:1
   |
63 | pub mod isolated_tests;
   | ^^^^^^^^^^^^^^^^^^^^^^^

warning: unused import: `alkanes_support::id::AlkaneId`
  --> contracts/bonding-contract/src/isolated_tests.rs:9:5
   |
9  | use alkanes_support::id::AlkaneId;
   |     ^^^^^^^^^^^^^^^^^^^^^^^^^^^^^
   |
help: if this is a test module, consider adding a `#[cfg(test)]` to the containing module
  --> contracts/bonding-contract/src/lib.rs:63:1
   |
63 | pub mod isolated_tests;
   | ^^^^^^^^^^^^^^^^^^^^^^^

warning: unused import: `alkanes_support::parcel::AlkaneTransferParcel as AlkaneTransfers`
  --> contracts/bonding-contract/src/isolated_tests.rs:10:5
   |
10 | use alkanes_support::parcel::AlkaneTransferParcel as AlkaneTransfers;
   |     ^^^^^^^^^^^^^^^^^^^^^^^^^^^^^^^^^^^^^^^^^^^^^^^^^^^^^^^^^^^^^^^^
   |
help: if this is a test module, consider adding a `#[cfg(test)]` to the containing module
  --> contracts/bonding-contract/src/lib.rs:63:1
   |
63 | pub mod isolated_tests;
   | ^^^^^^^^^^^^^^^^^^^^^^^

warning: unused import: `alkanes_support::context::Context`
  --> contracts/bonding-contract/src/isolated_tests.rs:11:5
   |
11 | use alkanes_support::context::Context;
   |     ^^^^^^^^^^^^^^^^^^^^^^^^^^^^^^^^^
   |
help: if this is a test module, consider adding a `#[cfg(test)]` to the containing module
  --> contracts/bonding-contract/src/lib.rs:63:1
   |
63 | pub mod isolated_tests;
   | ^^^^^^^^^^^^^^^^^^^^^^^

warning: unused imports: `BondContract`, `Bond`, and `BondingContract`
  --> contracts/bonding-contract/src/coverage_tests.rs:6:36
   |
6  | use crate::{BondingContractAlkane, BondingContract, BondContract, Bond};
   |                                    ^^^^^^^^^^^^^^^  ^^^^^^^^^^^^  ^^^^
   |
help: if this is a test module, consider adding a `#[cfg(test)]` to the containing module
  --> contracts/bonding-contract/src/lib.rs:64:1
   |
64 | pub mod coverage_tests;
   | ^^^^^^^^^^^^^^^^^^^^^^^

warning: unused import: `crate::mock_runtime`
  --> contracts/bonding-contract/src/coverage_tests.rs:8:5
   |
8  | use crate::mock_runtime;
   |     ^^^^^^^^^^^^^^^^^^^
   |
help: if this is a test module, consider adding a `#[cfg(test)]` to the containing module
  --> contracts/bonding-contract/src/lib.rs:64:1
   |
64 | pub mod coverage_tests;
   | ^^^^^^^^^^^^^^^^^^^^^^^

warning: unused import: `crate::mock_context`
  --> contracts/bonding-contract/src/coverage_tests.rs:9:5
   |
9  | use crate::mock_context;
   |     ^^^^^^^^^^^^^^^^^^^
   |
help: if this is a test module, consider adding a `#[cfg(test)]` to the containing module
  --> contracts/bonding-contract/src/lib.rs:64:1
   |
64 | pub mod coverage_tests;
   | ^^^^^^^^^^^^^^^^^^^^^^^

warning: unused import: `alkanes_support::id::AlkaneId`
  --> contracts/bonding-contract/src/coverage_tests.rs:10:5
   |
10 | use alkanes_support::id::AlkaneId;
   |     ^^^^^^^^^^^^^^^^^^^^^^^^^^^^^
   |
help: if this is a test module, consider adding a `#[cfg(test)]` to the containing module
  --> contracts/bonding-contract/src/lib.rs:64:1
   |
64 | pub mod coverage_tests;
   | ^^^^^^^^^^^^^^^^^^^^^^^

warning: unused import: `alkanes_support::parcel::AlkaneTransferParcel as AlkaneTransfers`
  --> contracts/bonding-contract/src/coverage_tests.rs:11:5
   |
11 | use alkanes_support::parcel::AlkaneTransferParcel as AlkaneTransfers;
   |     ^^^^^^^^^^^^^^^^^^^^^^^^^^^^^^^^^^^^^^^^^^^^^^^^^^^^^^^^^^^^^^^^
   |
help: if this is a test module, consider adding a `#[cfg(test)]` to the containing module
  --> contracts/bonding-contract/src/lib.rs:64:1
   |
64 | pub mod coverage_tests;
   | ^^^^^^^^^^^^^^^^^^^^^^^

warning: unused import: `alkanes_support::parcel::AlkaneTransfer`
  --> contracts/bonding-contract/src/coverage_tests.rs:12:5
   |
12 | use alkanes_support::parcel::AlkaneTransfer;
   |     ^^^^^^^^^^^^^^^^^^^^^^^^^^^^^^^^^^^^^^^
   |
help: if this is a test module, consider adding a `#[cfg(test)]` to the containing module
  --> contracts/bonding-contract/src/lib.rs:64:1
   |
64 | pub mod coverage_tests;
   | ^^^^^^^^^^^^^^^^^^^^^^^

warning: unused import: `alkanes_support::context::Context`
  --> contracts/bonding-contract/src/coverage_tests.rs:13:5
   |
13 | use alkanes_support::context::Context;
   |     ^^^^^^^^^^^^^^^^^^^^^^^^^^^^^^^^^
   |
help: if this is a test module, consider adding a `#[cfg(test)]` to the containing module
  --> contracts/bonding-contract/src/lib.rs:64:1
   |
64 | pub mod coverage_tests;
   | ^^^^^^^^^^^^^^^^^^^^^^^

warning: unused imports: `SystemTime` and `UNIX_EPOCH`
  --> contracts/bonding-contract/src/coverage_tests.rs:16:17
   |
16 | use std::time::{SystemTime, UNIX_EPOCH};
   |                 ^^^^^^^^^^  ^^^^^^^^^^
   |
help: if this is a test module, consider adding a `#[cfg(test)]` to the containing module
  --> contracts/bonding-contract/src/lib.rs:64:1
   |
64 | pub mod coverage_tests;
   | ^^^^^^^^^^^^^^^^^^^^^^^

warning: unused variable: `context`
   --> contracts/bonding-contract/src/lib.rs:404:13
    |
404 |         let context = self.context()?;
    |             ^^^^^^^ help: if this is intentional, prefix it with an underscore: `_context`
    |
    = note: `#[warn(unused_variables)]` on by default

warning: unused variable: `orbital_response`
   --> contracts/bonding-contract/src/lib.rs:419:13
    |
419 |         let orbital_response = self.call(
    |             ^^^^^^^^^^^^^^^^ help: if this is intentional, prefix it with an underscore: `_orbital_response`

warning: unused variable: `diesel_amount`
    --> contracts/bonding-contract/src/lib.rs:1109:39
     |
1109 |     fn buy_alkane_internal(&mut self, diesel_amount: u128) -> Result<CallResponse> {
     |                                       ^^^^^^^^^^^^^ help: if this is intentional, prefix it with an underscore: `_diesel_amount`

warning: unused variable: `response`
    --> contracts/bonding-contract/src/lib.rs:1251:17
     |
1251 |         let mut response = CallResponse::forward(&context.incoming_alkanes);
     |                 ^^^^^^^^ help: if this is intentional, prefix it with an underscore: `_response`

warning: variable does not need to be mutable
    --> contracts/bonding-contract/src/lib.rs:1251:13
     |
1251 |         let mut response = CallResponse::forward(&context.incoming_alkanes);
     |             ----^^^^^^^^
     |             |
     |             help: remove this `mut`
     |
     = note: `#[warn(unused_mut)]` on by default

warning: field `paused` is never read
   --> contracts/bonding-contract/src/lib.rs:111:5
    |
105 | pub struct BondingContractAlkane {
    |            --------------------- field in this struct
...
111 |     paused: bool,
    |     ^^^^^^
    |
    = note: `#[warn(dead_code)]` on by default

warning: multiple variants are never constructed
   --> contracts/bonding-contract/src/lib.rs:120:5
    |
117 | enum BondingContractAlkaneMessage {
    |      ---------------------------- variants in this enum
...
120 |     InitContract {
    |     ^^^^^^^^^^^^
...
130 |     InitBondContract {
    |     ^^^^^^^^^^^^^^^^
...
142 |     BuyAlkane {
    |     ^^^^^^^^^
...
149 |     PurchaseBond {
    |     ^^^^^^^^^^^^
...
156 |     RedeemBond {
    |     ^^^^^^^^^^
...
162 |     RedeemBondBatch {
    |     ^^^^^^^^^^^^^^^
...
168 |     TransferBond {
    |     ^^^^^^^^^^^^
...
176 |     GetCurrentPrice,
    |     ^^^^^^^^^^^^^^^
...
181 |     GetBuyAmount {
    |     ^^^^^^^^^^^^
...
190 |     GetBondAmount {
    |     ^^^^^^^^^^^^^
...
197 |     GetPositionCount {
    |     ^^^^^^^^^^^^^^^^
...
204 |     GetAvailableDebt,
    |     ^^^^^^^^^^^^^^^^
...
209 |     GetBond {
    |     ^^^^^^^
...
216 |     SetVirtualInputReserves {
    |     ^^^^^^^^^^^^^^^^^^^^^^^
...
222 |     SetVirtualOutputReserves {
    |     ^^^^^^^^^^^^^^^^^^^^^^^^
...
228 |     SetHalfLife {
    |     ^^^^^^^^^^^
...
234 |     SetLevelBips {
    |     ^^^^^^^^^^^^
...
240 |     SetLastUpdate,
    |     ^^^^^^^^^^^^^
...
244 |     SetPause,
    |     ^^^^^^^^
...
248 |     UpdatePricing {
    |     ^^^^^^^^^^^^^
...
260 |     GetName,
    |     ^^^^^^^
...
265 |     GetSymbol,
    |     ^^^^^^^^^
...
270 |     GetDieselReserve,
    |     ^^^^^^^^^^^^^^^^
...
275 |     GetAlkaneSupply,
    |     ^^^^^^^^^^^^^^^
...
280 |     GetKFactor,
    |     ^^^^^^^^^^
...
285 |     GetNExponent,
    |     ^^^^^^^^^^^^
...
290 |     GetTerm,
    |     ^^^^^^^
...
295 |     GetHalfLife,
    |     ^^^^^^^^^^^
...
300 |     GetLevelBips,
    |     ^^^^^^^^^^^^
...
305 |     GetVirtualInputReserves,
    |     ^^^^^^^^^^^^^^^^^^^^^^^
...
310 |     GetVirtualOutputReserves,
    |     ^^^^^^^^^^^^^^^^^^^^^^^^
...
315 |     GetLastUpdate,
    |     ^^^^^^^^^^^^^
...
320 |     GetTotalDebt,
    |     ^^^^^^^^^^^^
...
325 |     GetPaused,
    |     ^^^^^^^^^

warning: multiple methods are never used
    --> contracts/bonding-contract/src/lib.rs:632:8
     |
346  | impl BondingContractAlkane {
     | -------------------------- methods in this implementation
...
632  |     fn balance_of(&self, address: u128) -> u128 {
     |        ^^^^^^^^^^
...
639  |     fn set_balance(&self, address: u128, balance: u128) {
     |        ^^^^^^^^^^^
...
680  |     fn ensure_owner(&self) -> Result<()> {
     |        ^^^^^^^^^^^^
...
805  |     fn last_update(&self) -> u64 {
     |        ^^^^^^^^^^^
...
830  |     fn get_bonds(&self, address: u128) -> Vec<Bond> {
     |        ^^^^^^^^^
...
876  |     fn add_bond(&self, address: u128, bond: Bond) {
     |        ^^^^^^^^
...
892  |     fn update_bond(&self, address: u128, bond_id: u128, bond: Bond) {
     |        ^^^^^^^^^^^
...
902  |     fn delete_bond(&self, address: u128, bond_id: u128) {
     |        ^^^^^^^^^^^
...
1008 |     fn get_buy_amount(&self, diesel_amount: u128) -> Result<CallResponse> {
     |        ^^^^^^^^^^^^^^

warning: fields `owed`, `redeemed`, `creation`, `term`, and `bonding_contract_id` are never read
  --> contracts/bonding-contract/src/bond_orbital.rs:14:5
   |
12 | pub struct BondOrbital {
   |            ----------- fields in this struct
13 |     /// The amount owed to the bond holder
14 |     owed: u128,
   |     ^^^^
15 |     /// The amount already redeemed
16 |     redeemed: u128,
   |     ^^^^^^^^
17 |     /// The creation block number
18 |     creation: u64,
   |     ^^^^^^^^
19 |     /// The term in blocks
20 |     term: u64,
   |     ^^^^
21 |     /// The bonding contract ID
22 |     bonding_contract_id: AlkaneId,
   |     ^^^^^^^^^^^^^^^^^^^

warning: multiple variants are never constructed
  --> contracts/bonding-contract/src/bond_orbital.rs:30:5
   |
27 | enum BondOrbitalMessage {
   |      ------------------ variants in this enum
...
30 |     Initialize {
   |     ^^^^^^^^^^
...
38 |     Redeem,
   |     ^^^^^^
...
43 |     GetBondDetails,
   |     ^^^^^^^^^^^^^^
...
48 |     GetOwed,
   |     ^^^^^^^
...
53 |     GetRedeemed,
   |     ^^^^^^^^^^^
...
58 |     GetCreation,
   |     ^^^^^^^^^^^
...
63 |     GetTerm,
   |     ^^^^^^^
...
68 |     GetMaturity,
   |     ^^^^^^^^^^^
...
73 |     GetBondingContractId,
   |     ^^^^^^^^^^^^^^^^^^^^
...
78 |     GetName,
   |     ^^^^^^^
...
83 |     GetSymbol,
   |     ^^^^^^^^^
...
88 |     GetTotalSupply,
   |     ^^^^^^^^^^^^^^

warning: function `reset_contract_state` is never used
  --> contracts/bonding-contract/src/isolated_tests.rs:16:4
   |
16 | fn reset_contract_state() -> BondingContractAlkane {
   |    ^^^^^^^^^^^^^^^^^^^^

warning: function `run_test_with_isolation` is never used
  --> contracts/bonding-contract/src/isolated_tests.rs:29:4
   |
29 | fn run_test_with_isolation<F>(test_fn: F)
   |    ^^^^^^^^^^^^^^^^^^^^^^^

warning: function `reset_contract_state` is never used
  --> contracts/bonding-contract/src/coverage_tests.rs:19:4
   |
19 | fn reset_contract_state() -> BondingContractAlkane {
   |    ^^^^^^^^^^^^^^^^^^^^

warning: function `run_test_with_isolation` is never used
  --> contracts/bonding-contract/src/coverage_tests.rs:32:4
   |
32 | fn run_test_with_isolation<F>(test_fn: F)
   |    ^^^^^^^^^^^^^^^^^^^^^^^

warning: unused import: `Bond`
 --> contracts/bonding-contract/src/coverage_tests.rs:6:67
  |
6 | use crate::{BondingContractAlkane, BondingContract, BondContract, Bond};
  |                                                                   ^^^^

warning: variable does not need to be mutable
  --> contracts/bonding-contract/src/isolated_tests.rs:61:13
   |
61 |         let mut contract = reset_contract_state();
   |             ----^^^^^^^^
   |             |
   |             help: remove this `mut`
   |
   = note: `#[warn(unused_mut)]` on by default

warning: variable does not need to be mutable
   --> contracts/bonding-contract/src/isolated_tests.rs:110:13
    |
110 |         let mut contract = reset_contract_state();
    |             ----^^^^^^^^
    |             |
    |             help: remove this `mut`

warning: unused variable: `initial_virtual_input`
   --> contracts/bonding-contract/src/isolated_tests.rs:862:13
    |
862 |         let initial_virtual_input = contract.virtual_input_reserves();
    |             ^^^^^^^^^^^^^^^^^^^^^ help: if this is intentional, prefix it with an underscore: `_initial_virtual_input`
    |
    = note: `#[warn(unused_variables)]` on by default

warning: unused variable: `initial_virtual_output`
   --> contracts/bonding-contract/src/isolated_tests.rs:863:13
    |
863 |         let initial_virtual_output = contract.virtual_output_reserves();
    |             ^^^^^^^^^^^^^^^^^^^^^^ help: if this is intentional, prefix it with an underscore: `_initial_virtual_output`

warning: unused variable: `initial_half_life`
   --> contracts/bonding-contract/src/isolated_tests.rs:864:13
    |
864 |         let initial_half_life = contract.half_life();
    |             ^^^^^^^^^^^^^^^^^ help: if this is intentional, prefix it with an underscore: `_initial_half_life`

warning: unused variable: `initial_level_bips`
   --> contracts/bonding-contract/src/isolated_tests.rs:865:13
    |
865 |         let initial_level_bips = contract.level_bips();
    |             ^^^^^^^^^^^^^^^^^^ help: if this is intentional, prefix it with an underscore: `_initial_level_bips`

warning: variable does not need to be mutable
   --> contracts/bonding-contract/src/isolated_tests.rs:823:13
    |
823 |         let mut contract = reset_contract_state();
    |             ----^^^^^^^^
    |             |
    |             help: remove this `mut`

warning: variable does not need to be mutable
   --> contracts/bonding-contract/src/coverage_tests.rs:423:13
    |
423 |         let mut contract = reset_contract_state();
    |             ----^^^^^^^^
    |             |
    |             help: remove this `mut`

warning: variable does not need to be mutable
   --> contracts/bonding-contract/src/coverage_tests.rs:564:13
    |
564 |         let mut contract = reset_contract_state();
    |             ----^^^^^^^^
    |             |
    |             help: remove this `mut`

warning: variable does not need to be mutable
   --> contracts/bonding-contract/src/coverage_tests.rs:764:13
    |
764 |         let mut contract = reset_contract_state();
    |             ----^^^^^^^^
    |             |
    |             help: remove this `mut`

warning: variable does not need to be mutable
   --> contracts/bonding-contract/src/coverage_tests.rs:933:13
    |
933 |         let mut contract = reset_contract_state();
    |             ----^^^^^^^^
    |             |
    |             help: remove this `mut`

warning: unused variable: `context`
   --> contracts/bonding-contract/src/lib.rs:404:13
    |
404 |         let context = self.context()?;
    |             ^^^^^^^ help: if this is intentional, prefix it with an underscore: `_context`

warning: variable does not need to be mutable
    --> contracts/bonding-contract/src/lib.rs:1251:13
     |
1251 |         let mut response = CallResponse::forward(&context.incoming_alkanes);
     |             ----^^^^^^^^
     |             |
     |             help: remove this `mut`

warning: methods `balance_of`, `set_balance`, `ensure_owner`, `get_bonds`, and `add_bond` are never used
   --> contracts/bonding-contract/src/lib.rs:632:8
    |
346 | impl BondingContractAlkane {
    | -------------------------- methods in this implementation
...
632 |     fn balance_of(&self, address: u128) -> u128 {
    |        ^^^^^^^^^^
...
639 |     fn set_balance(&self, address: u128, balance: u128) {
    |        ^^^^^^^^^^^
...
680 |     fn ensure_owner(&self) -> Result<()> {
    |        ^^^^^^^^^^^^
...
830 |     fn get_bonds(&self, address: u128) -> Vec<Bond> {
    |        ^^^^^^^^^
...
876 |     fn add_bond(&self, address: u128, bond: Bond) {
    |        ^^^^^^^^

warning: `bonding-contract` (lib) generated 32 warnings (run `cargo fix --lib -p bonding-contract` to apply 19 suggestions)
warning: `bonding-contract` (lib test) generated 26 warnings (11 duplicates) (run `cargo fix --lib -p bonding-contract --tests` to apply 9 suggestions)
warning: unused imports: `BondContract`, `Bond`, `BondingContractAlkane`, and `BondingContract`
 --> contracts/bonding-contract/tests/code_coverage_test.rs:1:24
  |
1 | use bonding_contract::{BondingContractAlkane, BondingContract, BondContract, Bond};
  |                        ^^^^^^^^^^^^^^^^^^^^^  ^^^^^^^^^^^^^^^  ^^^^^^^^^^^^  ^^^^
  |
  = note: `#[warn(unused_imports)]` on by default

warning: unused import: `alkanes_support::id::AlkaneId`
 --> contracts/bonding-contract/tests/code_coverage_test.rs:2:5
  |
2 | use alkanes_support::id::AlkaneId;
  |     ^^^^^^^^^^^^^^^^^^^^^^^^^^^^^

warning: unused import: `alkanes_support::parcel::AlkaneTransferParcel as AlkaneTransfers`
 --> contracts/bonding-contract/tests/code_coverage_test.rs:3:5
  |
3 | use alkanes_support::parcel::AlkaneTransferParcel as AlkaneTransfers;
  |     ^^^^^^^^^^^^^^^^^^^^^^^^^^^^^^^^^^^^^^^^^^^^^^^^^^^^^^^^^^^^^^^^

warning: unused import: `alkanes_support::parcel::AlkaneTransfer`
 --> contracts/bonding-contract/tests/code_coverage_test.rs:4:5
  |
4 | use alkanes_support::parcel::AlkaneTransfer;
  |     ^^^^^^^^^^^^^^^^^^^^^^^^^^^^^^^^^^^^^^^

warning: unused import: `alkanes_support::context::Context`
 --> contracts/bonding-contract/tests/code_coverage_test.rs:5:5
  |
5 | use alkanes_support::context::Context;
  |     ^^^^^^^^^^^^^^^^^^^^^^^^^^^^^^^^^

warning: unused import: `alkanes_runtime::storage::StoragePointer`
 --> contracts/bonding-contract/tests/code_coverage_test.rs:6:5
  |
6 | use alkanes_runtime::storage::StoragePointer;
  |     ^^^^^^^^^^^^^^^^^^^^^^^^^^^^^^^^^^^^^^^^

warning: unused imports: `SystemTime` and `UNIX_EPOCH`
 --> contracts/bonding-contract/tests/code_coverage_test.rs:7:17
  |
7 | use std::time::{SystemTime, UNIX_EPOCH};
  |                 ^^^^^^^^^^  ^^^^^^^^^^

warning: constant `SCALING_FACTOR` is never used
 --> contracts/bonding-contract/tests/curve_test.rs:4:7
  |
4 | const SCALING_FACTOR: u128 = 1_000_000;
  |       ^^^^^^^^^^^^^^
  |
  = note: `#[warn(dead_code)]` on by default

warning: unused import: `bonding_contract::BondingCurve`
 --> contracts/bonding-contract/tests/basic_test.rs:2:5
  |
2 | use bonding_contract::BondingCurve;
  |     ^^^^^^^^^^^^^^^^^^^^^^^^^^^^^^
  |
  = note: `#[warn(unused_imports)]` on by default

warning: unused import: `anyhow::Result`
 --> contracts/bonding-contract/tests/basic_test.rs:3:5
  |
3 | use anyhow::Result;
  |     ^^^^^^^^^^^^^^

warning: unused import: `alkanes_runtime::runtime::AlkaneResponder`
 --> contracts/bonding-contract/tests/bond_curve_test.rs:1:5
  |
1 | use alkanes_runtime::runtime::AlkaneResponder;
  |     ^^^^^^^^^^^^^^^^^^^^^^^^^^^^^^^^^^^^^^^^^
  |
  = note: `#[warn(unused_imports)]` on by default

warning: unused import: `anyhow::Result`
 --> contracts/bonding-contract/tests/bond_curve_test.rs:6:5
  |
6 | use anyhow::Result;
  |     ^^^^^^^^^^^^^^

warning: unused import: `bonding_contract::mock_storage`
  --> contracts/bonding-contract/tests/bond_curve_test.rs:11:5
   |
11 | use bonding_contract::mock_storage;
   |     ^^^^^^^^^^^^^^^^^^^^^^^^^^^^^^

warning: unused import: `bonding_contract::BondingCurve`
 --> contracts/bonding-contract/src/bin/test_bonding_contract.rs:5:5
  |
5 | use bonding_contract::BondingCurve;
  |     ^^^^^^^^^^^^^^^^^^^^^^^^^^^^^^
  |
  = note: `#[warn(unused_imports)]` on by default

warning: unused import: `bonding_contract::BondingCurve`
 --> contracts/bonding-contract/src/bin/e2e_test.rs:5:5
  |
5 | use bonding_contract::BondingCurve;
  |     ^^^^^^^^^^^^^^^^^^^^^^^^^^^^^^
  |
  = note: `#[warn(unused_imports)]` on by default

warning: unused variable: `alkane_amount`
   --> contracts/bonding-contract/src/bin/test_bonding_contract.rs:182:17
    |
182 |             let alkane_amount = response.alkanes.0[0].value;
    |                 ^^^^^^^^^^^^^ help: if this is intentional, prefix it with an underscore: `_alkane_amount`
    |
    = note: `#[warn(unused_variables)]` on by default

warning: function `clear_mock_storage` is never used
  --> contracts/bonding-contract/src/bin/test_bonding_contract.rs:93:4
   |
93 | fn clear_mock_storage() {
   |    ^^^^^^^^^^^^^^^^^^
   |
   = note: `#[warn(dead_code)]` on by default

warning: function `clear_mock_storage` is never used
  --> contracts/bonding-contract/src/bin/e2e_test.rs:93:4
   |
93 | fn clear_mock_storage() {
   |    ^^^^^^^^^^^^^^^^^^
   |
   = note: `#[warn(dead_code)]` on by default

warning: function `create_context_with_alkanes` is never used
   --> contracts/bonding-contract/src/bin/e2e_test.rs:112:4
    |
112 | fn create_context_with_alkanes(alkanes: Vec<AlkaneTransfer>) -> Context {
    |    ^^^^^^^^^^^^^^^^^^^^^^^^^^^

warning: unused variable: `initial_supply`
  --> contracts/bonding-contract/tests/integration_test.rs:55:9
   |
55 |     let initial_supply = 1_000_000;
   |         ^^^^^^^^^^^^^^ help: if this is intentional, prefix it with an underscore: `_initial_supply`
   |
   = note: `#[warn(unused_variables)]` on by default

warning: static `INIT` is never used
  --> contracts/bonding-contract/tests/integration_test.rs:16:8
   |
16 | static INIT: Once = Once::new();
   |        ^^^^
   |
   = note: `#[warn(dead_code)]` on by default

warning: variable does not need to be mutable
  --> contracts/bonding-contract/tests/bond_curve_test.rs:20:9
   |
20 |     let mut contract = BondingContractAlkane::default();
   |         ----^^^^^^^^
   |         |
   |         help: remove this `mut`
   |
   = note: `#[warn(unused_mut)]` on by default

warning: `bonding-contract` (test "curve_test") generated 1 warning
warning: `bonding-contract` (test "integration_test") generated 2 warnings
warning: `bonding-contract` (bin "test_bonding_contract" test) generated 3 warnings (run `cargo fix --bin "test_bonding_contract" --tests` to apply 1 suggestion)
warning: `bonding-contract` (test "basic_test") generated 2 warnings (run `cargo fix --test "basic_test"` to apply 2 suggestions)
warning: `bonding-contract` (bin "e2e_test") generated 3 warnings (3 duplicates)
warning: `bonding-contract` (bin "e2e_test" test) generated 3 warnings (run `cargo fix --bin "e2e_test" --tests` to apply 1 suggestion)
warning: `bonding-contract` (test "code_coverage_test") generated 7 warnings (run `cargo fix --test "code_coverage_test"` to apply 7 suggestions)
warning: `bonding-contract` (bin "test_bonding_contract") generated 3 warnings (3 duplicates)
warning: `bonding-contract` (test "bond_curve_test") generated 4 warnings (run `cargo fix --test "bond_curve_test"` to apply 4 suggestions)
    Finished `test` profile [unoptimized + debuginfo] target(s) in 7.52s
     Running unittests src/lib.rs (/Users/erickdelgado/Documents/GitHub/boiler/target/debug/deps/bonding_contract-e512909764192af3)

running 31 tests
test bond_curve::tests::test_get_current_price ... ok
test bond_curve::tests::test_get_amount_out ... ok
test bond_curve::tests::test_get_redeem_amount ... ok
test bond_curve::tests::test_purchase_bond ... ok
test bond_curve::tests::test_redeem_bond ... ok
test bonding_curve::tests::test_price_impact ... ok
test bond_curve::tests::test_exp_to_level ... FAILED
test bonding_curve::tests::test_small_values ... ok
test bonding_curve::tests::test_quadratic_bonding_curve ... FAILED
test bonding_curve::tests::test_linear_bonding_curve ... FAILED
test coverage_tests::test_get_buy_amount ... ok
test isolated_tests::test_init_contract ... ok
test coverage_tests::test_available_debt ... FAILED
test coverage_tests::test_delete_bond ... FAILED
test coverage_tests::test_get_bond_amount ... ok
test simple_test::tests::it_works ... ok
test coverage_tests::test_management_functions ... ok
test coverage_tests::test_pause_unpause ... FAILED
test coverage_tests::test_redeem_bond ... FAILED
test coverage_tests::test_redeem_bond_batch ... FAILED
test coverage_tests::test_transfer_bond ... FAILED
test isolated_tests::test_buy_alkane ... ok
test isolated_tests::test_init_bond_contract ... ok
test isolated_tests::test_paused_state ... FAILED
test isolated_tests::test_purchase_bond ... FAILED
test coverage_tests::test_get_current_price ... ok
test isolated_tests::test_multiple_initializations ... ok
test isolated_tests::test_redeem_bond ... FAILED
test isolated_tests::test_redeem_bond_batch ... FAILED
test isolated_tests::test_transfer_bond ... FAILED
test isolated_tests::test_update_pricing ... ok

failures:

---- bond_curve::tests::test_exp_to_level stdout ----
thread 'bond_curve::tests::test_exp_to_level' panicked at contracts/bonding-contract/src/bond_curve.rs:277:9:
assertion `left == right` failed: One half-life should reduce to 50%
  left: 750
 right: 500
note: run with `RUST_BACKTRACE=1` environment variable to display a backtrace

---- bonding_curve::tests::test_quadratic_bonding_curve stdout ----
thread 'bonding_curve::tests::test_quadratic_bonding_curve' panicked at contracts/bonding-contract/src/bonding_curve.rs:287:9:
Price should increase after buying

---- bonding_curve::tests::test_linear_bonding_curve stdout ----
thread 'bonding_curve::tests::test_linear_bonding_curve' panicked at contracts/bonding-contract/src/bonding_curve.rs:243:9:
assertion `left == right` failed: Alkane amount should match expected
  left: 1
 right: 0

---- coverage_tests::test_available_debt stdout ----
Purchasing bond with 1000 diesel for address 1
Available debt: 1000000
Calculated alkane amount: 2997
Updating total debt: 0 -> 2997
Creating bond orbital with owed: 2997, term: 604800
Failed to create bond orbital: failed to fill whole buffer
thread 'coverage_tests::test_available_debt' panicked at contracts/bonding-contract/src/coverage_tests.rs:547:9:
assertion failed: result.is_ok()

---- coverage_tests::test_delete_bond stdout ----
Purchasing bond with 1000 diesel for address 1
Available debt: 1000000
Calculated alkane amount: 2997
Updating total debt: 0 -> 2997
Creating bond orbital with owed: 2997, term: 604800
Failed to create bond orbital: failed to fill whole buffer
thread 'coverage_tests::test_delete_bond' panicked at contracts/bonding-contract/src/coverage_tests.rs:707:9:
assertion failed: result.is_ok()

---- coverage_tests::test_pause_unpause stdout ----
Purchasing bond with 1000 diesel for address 1
Available debt: 1000000
Calculated alkane amount: 2997
Updating total debt: 0 -> 2997
Creating bond orbital with owed: 2997, term: 604800
Failed to create bond orbital: failed to fill whole buffer
thread 'coverage_tests::test_pause_unpause' panicked at contracts/bonding-contract/src/coverage_tests.rs:897:9:
assertion failed: result.is_ok()

---- coverage_tests::test_redeem_bond stdout ----
Purchasing bond with 1000 diesel for address 1
Available debt: 1000000
Calculated alkane amount: 2997
Updating total debt: 0 -> 2997
Creating bond orbital with owed: 2997, term: 1
Failed to create bond orbital: failed to fill whole buffer
thread 'coverage_tests::test_redeem_bond' panicked at contracts/bonding-contract/src/coverage_tests.rs:133:9:
assertion failed: result.is_ok()

---- coverage_tests::test_redeem_bond_batch stdout ----
Purchasing bond with 1000 diesel for address 1
Available debt: 1000000
Calculated alkane amount: 2997
Updating total debt: 0 -> 2997
Creating bond orbital with owed: 2997, term: 1
Failed to create bond orbital: failed to fill whole buffer
thread 'coverage_tests::test_redeem_bond_batch' panicked at contracts/bonding-contract/src/coverage_tests.rs:247:9:
assertion failed: result.is_ok()

---- coverage_tests::test_transfer_bond stdout ----
Purchasing bond with 1000 diesel for address 1
Available debt: 1000000
Calculated alkane amount: 2997
Updating total debt: 0 -> 2997
Creating bond orbital with owed: 2997, term: 604800
Failed to create bond orbital: failed to fill whole buffer
thread 'coverage_tests::test_transfer_bond' panicked at contracts/bonding-contract/src/coverage_tests.rs:386:9:
assertion failed: result.is_ok()

---- isolated_tests::test_paused_state stdout ----
Purchase failed: contract is paused
Purchasing bond with 1000 diesel for address 1
Available debt: 1000000
Calculated alkane amount: 2997
Updating total debt: 0 -> 2997
Creating bond orbital with owed: 2997, term: 604800
Failed to create bond orbital: failed to fill whole buffer
thread 'isolated_tests::test_paused_state' panicked at contracts/bonding-contract/src/isolated_tests.rs:987:9:
Purchase should succeed when contract is unpaused

---- isolated_tests::test_purchase_bond stdout ----
Purchasing bond with 1000 diesel for address 1
Available debt: 1000000
Calculated alkane amount: 2997
Updating total debt: 0 -> 2997
Creating bond orbital with owed: 2997, term: 604800
Failed to create bond orbital: failed to fill whole buffer
thread 'isolated_tests::test_purchase_bond' panicked at contracts/bonding-contract/src/isolated_tests.rs:369:9:
assertion failed: result.is_ok()

---- isolated_tests::test_redeem_bond stdout ----
Purchasing bond with 1000 diesel for address 1
Available debt: 1000000
Calculated alkane amount: 2997
Updating total debt: 0 -> 2997
Creating bond orbital with owed: 2997, term: 0
Failed to create bond orbital: failed to fill whole buffer
thread 'isolated_tests::test_redeem_bond' panicked at contracts/bonding-contract/src/isolated_tests.rs:480:9:
assertion failed: purchase_result.is_ok()

---- isolated_tests::test_redeem_bond_batch stdout ----
Purchasing bond with 1000 diesel for address 1
Available debt: 1000000
Calculated alkane amount: 2997
Updating total debt: 0 -> 2997
Creating bond orbital with owed: 2997, term: 0
Failed to create bond orbital: failed to fill whole buffer
thread 'isolated_tests::test_redeem_bond_batch' panicked at contracts/bonding-contract/src/isolated_tests.rs:616:9:
assertion failed: purchase_result_1.is_ok()

---- isolated_tests::test_transfer_bond stdout ----
Purchasing bond with 1000 diesel for address 1
Available debt: 1000000
Calculated alkane amount: 2997
Updating total debt: 0 -> 2997
Creating bond orbital with owed: 2997, term: 604800
Failed to create bond orbital: failed to fill whole buffer
thread 'isolated_tests::test_transfer_bond' panicked at contracts/bonding-contract/src/isolated_tests.rs:773:9:
assertion failed: purchase_result.is_ok()


failures:
    bond_curve::tests::test_exp_to_level
    bonding_curve::tests::test_linear_bonding_curve
    bonding_curve::tests::test_quadratic_bonding_curve
    coverage_tests::test_available_debt
    coverage_tests::test_delete_bond
    coverage_tests::test_pause_unpause
    coverage_tests::test_redeem_bond
    coverage_tests::test_redeem_bond_batch
    coverage_tests::test_transfer_bond
    isolated_tests::test_paused_state
    isolated_tests::test_purchase_bond
    isolated_tests::test_redeem_bond
    isolated_tests::test_redeem_bond_batch
    isolated_tests::test_transfer_bond

test result: FAILED. 17 passed; 14 failed; 0 ignored; 0 measured; 0 filtered out; finished in 3.13s

error: test failed, to rerun pass `--lib`
